Log-file of program ./dymosim
(generated: Tue Sep 30 11:31:48 2025)

dymosim started
... "URDFModelica.Examples.GenericRobotModel.GenericRobot_Visualization2" simulating
... "dsin.txt" loading (dymosim input file)
... "GenericRobot_Visualization2.mat" creating (simulation result file)

Integration started at T = 0 using integration method DASSL
(DAE multi-step solver (dassl/dasslrt of Petzold modified by Dassault Systemes))

Integration terminated successfully at T = 25
  WARNING: You have many time events. This is probably due to fast sampling.
  Enable logging of event in Simulation/Setup/Debug/Events during simulation
   CPU-time for integration                : 0.105 seconds
   CPU-time for one grid interval          : 0.105 milliseconds
   CPU-time for initialization             : 0.003 seconds
   Number of result points                 : 3005
   Number of grid points                   : 1001
   Number of accepted steps                : 76
   Number of f-evaluations (dynamics)      : 76
   Number of crossing function evaluations : 3076
   Number of Jacobian-evaluations          : 71
   Number of model time events             : 2500
   Number of input time events             : 0
   Number of state events                  : 0
   Number of step events                   : 0
   Minimum integration stepsize            : 1e-05
   Maximum integration stepsize            : 5.24
   Maximum integration order               : 1
Calling terminal section
... "dsfinal.txt" creating (final states)

SUCCESSFUL simulation of URDFModelica.Examples.GenericRobotModel.GenericRobot_Visualization2
